<?xml version="1.0" encoding="UTF-8"?>
<testng-results skipped="0" failed="0" total="1" passed="1">
  <reporter-output>
  </reporter-output>
  <suite name="Suite" duration-ms="13010" started-at="2020-06-08T04:02:32Z" finished-at="2020-06-08T04:02:45Z">
    <groups>
    </groups>
    <test name="Test" duration-ms="13010" started-at="2020-06-08T04:02:32Z" finished-at="2020-06-08T04:02:45Z">
      <class name="com.scripts.AcctiTime.TESTActiTimeLogin">
        <test-method status="PASS" signature="openBrowser()[pri:0, instance:com.scripts.AcctiTime.TESTActiTimeLogin@5ebec15]" name="openBrowser" is-config="true" duration-ms="10014" started-at="2020-06-08T00:02:32Z" finished-at="2020-06-08T00:02:42Z">
          <reporter-output>
          </reporter-output>
        </test-method> <!-- openBrowser -->
        <test-method status="PASS" signature="login()[pri:0, instance:com.scripts.AcctiTime.TESTActiTimeLogin@5ebec15]" name="login" duration-ms="2957" started-at="2020-06-08T00:02:42Z" finished-at="2020-06-08T00:02:45Z">
          <reporter-output>
          </reporter-output>
        </test-method> <!-- login -->
        <test-method status="PASS" signature="closeBrowser()[pri:0, instance:com.scripts.AcctiTime.TESTActiTimeLogin@5ebec15]" name="closeBrowser" is-config="true" duration-ms="1" started-at="2020-06-08T00:02:45Z" finished-at="2020-06-08T00:02:45Z">
          <reporter-output>
          </reporter-output>
        </test-method> <!-- closeBrowser -->
      </class> <!-- com.scripts.AcctiTime.TESTActiTimeLogin -->
    </test> <!-- Test -->
  </suite> <!-- Suite -->
</testng-results>
